<?xml version="1.0" encoding="UTF-8"?>
<!-- Generated by org.testng.reporters.JUnitXMLReporter -->
<testsuite ignored="0" hostname="LTUGPLTP0086" failures="0" tests="6" name="Test" time="75.073" errors="0" timestamp="2023-06-20T15:40:12 EEST">
  <testcase classname="com.OrangeHRM.AutomationTests.VerifyPerformanceTabTest" name="VerifytoClickonPerformanceTab" time="3.564"/>
  <testcase classname="com.OrangeHRM.AutomationTests.VerifyPerformanceTabTest" name="VerifytoClickonEmployeeNameTab" time="5.693"/>
  <testcase classname="com.OrangeHRM.AutomationTests.VerifyPerformanceTabTest" name="VerifyReviewStatusTab" time="6.55"/>
  <testcase classname="com.OrangeHRM.AutomationTests.VerifyPerformanceTabTest" name="VerifyMyTrackerTab" time="4.238"/>
  <testcase classname="com.OrangeHRM.AutomationTests.VerifyPerformanceTabTest" name="VerifyClickingViewButton" time="5.134"/>
  <testcase classname="com.OrangeHRM.AutomationTests.VerifyPerformanceTabTest" name="VerifyClickingAddLogButton" time="6.105"/>
</testsuite> <!-- Test -->
