<?xml version="1.0" encoding="UTF-8"?>
<testng-results ignored="0" total="6" passed="6" failed="0" skipped="0">
  <reporter-output>
  </reporter-output>
  <suite started-at="2023-06-20T15:38:57 EEST" name="Suite" finished-at="2023-06-20T15:40:12 EEST" duration-ms="75073">
    <groups>
    </groups>
    <test started-at="2023-06-20T15:38:57 EEST" name="Test" finished-at="2023-06-20T15:40:12 EEST" duration-ms="75073">
      <class name="com.OrangeHRM.AutomationTests.VerifyPerformanceTabTest">
        <test-method is-config="true" signature="loadConfig()[pri:0, instance:com.OrangeHRM.AutomationTests.VerifyPerformanceTabTest@7dcf94f8]" started-at="2023-06-20T15:38:57 EEST" name="loadConfig" finished-at="2023-06-20T15:38:57 EEST" duration-ms="129" status="PASS">
          <reporter-output>
          </reporter-output>
        </test-method> <!-- loadConfig -->
        <test-method is-config="true" signature="launchApp()[pri:0, instance:com.OrangeHRM.AutomationTests.VerifyPerformanceTabTest@7dcf94f8]" started-at="2023-06-20T15:38:57 EEST" name="launchApp" finished-at="2023-06-20T15:39:05 EEST" duration-ms="7713" status="PASS">
          <reporter-output>
          </reporter-output>
        </test-method> <!-- launchApp -->
        <test-method signature="VerifytoClickonPerformanceTab()[pri:1, instance:com.OrangeHRM.AutomationTests.VerifyPerformanceTabTest@7dcf94f8]" started-at="2023-06-20T15:39:05 EEST" name="VerifytoClickonPerformanceTab" finished-at="2023-06-20T15:39:08 EEST" duration-ms="3564" status="PASS">
          <reporter-output>
          </reporter-output>
        </test-method> <!-- VerifytoClickonPerformanceTab -->
        <test-method is-config="true" signature="launchApp()[pri:0, instance:com.OrangeHRM.AutomationTests.VerifyPerformanceTabTest@7dcf94f8]" started-at="2023-06-20T15:39:08 EEST" name="launchApp" finished-at="2023-06-20T15:39:16 EEST" duration-ms="7760" status="PASS">
          <reporter-output>
          </reporter-output>
        </test-method> <!-- launchApp -->
        <test-method signature="VerifytoClickonEmployeeNameTab()[pri:2, instance:com.OrangeHRM.AutomationTests.VerifyPerformanceTabTest@7dcf94f8]" started-at="2023-06-20T15:39:16 EEST" name="VerifytoClickonEmployeeNameTab" finished-at="2023-06-20T15:39:22 EEST" duration-ms="5693" status="PASS">
          <reporter-output>
          </reporter-output>
        </test-method> <!-- VerifytoClickonEmployeeNameTab -->
        <test-method is-config="true" signature="launchApp()[pri:0, instance:com.OrangeHRM.AutomationTests.VerifyPerformanceTabTest@7dcf94f8]" started-at="2023-06-20T15:39:22 EEST" name="launchApp" finished-at="2023-06-20T15:39:29 EEST" duration-ms="6753" status="PASS">
          <reporter-output>
          </reporter-output>
        </test-method> <!-- launchApp -->
        <test-method signature="VerifyReviewStatusTab()[pri:3, instance:com.OrangeHRM.AutomationTests.VerifyPerformanceTabTest@7dcf94f8]" started-at="2023-06-20T15:39:29 EEST" name="VerifyReviewStatusTab" finished-at="2023-06-20T15:39:35 EEST" duration-ms="6550" status="PASS">
          <reporter-output>
          </reporter-output>
        </test-method> <!-- VerifyReviewStatusTab -->
        <test-method is-config="true" signature="launchApp()[pri:0, instance:com.OrangeHRM.AutomationTests.VerifyPerformanceTabTest@7dcf94f8]" started-at="2023-06-20T15:39:35 EEST" name="launchApp" finished-at="2023-06-20T15:39:41 EEST" duration-ms="6171" status="PASS">
          <reporter-output>
          </reporter-output>
        </test-method> <!-- launchApp -->
        <test-method signature="VerifyMyTrackerTab()[pri:4, instance:com.OrangeHRM.AutomationTests.VerifyPerformanceTabTest@7dcf94f8]" started-at="2023-06-20T15:39:41 EEST" name="VerifyMyTrackerTab" finished-at="2023-06-20T15:39:46 EEST" duration-ms="4238" status="PASS">
          <reporter-output>
          </reporter-output>
        </test-method> <!-- VerifyMyTrackerTab -->
        <test-method is-config="true" signature="launchApp()[pri:0, instance:com.OrangeHRM.AutomationTests.VerifyPerformanceTabTest@7dcf94f8]" started-at="2023-06-20T15:39:46 EEST" name="launchApp" finished-at="2023-06-20T15:39:53 EEST" duration-ms="7065" status="PASS">
          <reporter-output>
          </reporter-output>
        </test-method> <!-- launchApp -->
        <test-method signature="VerifyClickingViewButton()[pri:5, instance:com.OrangeHRM.AutomationTests.VerifyPerformanceTabTest@7dcf94f8]" started-at="2023-06-20T15:39:53 EEST" name="VerifyClickingViewButton" finished-at="2023-06-20T15:39:58 EEST" duration-ms="5134" status="PASS">
          <reporter-output>
          </reporter-output>
        </test-method> <!-- VerifyClickingViewButton -->
        <test-method is-config="true" signature="launchApp()[pri:0, instance:com.OrangeHRM.AutomationTests.VerifyPerformanceTabTest@7dcf94f8]" started-at="2023-06-20T15:39:58 EEST" name="launchApp" finished-at="2023-06-20T15:40:06 EEST" duration-ms="8273" status="PASS">
          <reporter-output>
          </reporter-output>
        </test-method> <!-- launchApp -->
        <test-method signature="VerifyClickingAddLogButton()[pri:6, instance:com.OrangeHRM.AutomationTests.VerifyPerformanceTabTest@7dcf94f8]" started-at="2023-06-20T15:40:06 EEST" name="VerifyClickingAddLogButton" finished-at="2023-06-20T15:40:12 EEST" duration-ms="6105" status="PASS">
          <reporter-output>
          </reporter-output>
        </test-method> <!-- VerifyClickingAddLogButton -->
        <test-method is-config="true" signature="Closing()[pri:0, instance:com.OrangeHRM.AutomationTests.VerifyPerformanceTabTest@7dcf94f8]" started-at="2023-06-20T15:40:12 EEST" name="Closing" finished-at="2023-06-20T15:40:13 EEST" duration-ms="499" status="PASS">
          <reporter-output>
          </reporter-output>
        </test-method> <!-- Closing -->
      </class> <!-- com.OrangeHRM.AutomationTests.VerifyPerformanceTabTest -->
    </test> <!-- Test -->
  </suite> <!-- Suite -->
</testng-results>
